#-----------------------------------------------------------
# Vivado v2015.2 (64-bit)
# SW Build 1266856 on Fri Jun 26 16:35:25 MDT 2015
# IP Build 1264090 on Wed Jun 24 14:22:01 MDT 2015
# Start of session at: Sat Oct 29 11:01:57 2022
# Process ID: 40804
# Log file: D:/pro/principles_of_computer_composition/cpu24-riscv/Single_Cycle_RISCV2/single_cycle_cpu/vivado.log
# Journal file: D:/pro/principles_of_computer_composition/cpu24-riscv/Single_Cycle_RISCV2/single_cycle_cpu\vivado.jou
#-----------------------------------------------------------
start_gui
open_project D:/pro/principles_of_computer_composition/cpu24-riscv/Single_Cycle_RISCV2/single_cycle_cpu/single_cycle_cpu.xpr
INFO: [ProjectBase 1-489] The host OS only allows 260 characters in a normal path. The project is stored in a path with more than 80 characters. If you experience issues with IP, Block Designs, or files not being found, please consider moving the project to a location with a shorter path. Alternately consider using the OS subst command to map part of the path to a drive letter.
Current project path is 'D:/pro/principles_of_computer_composition/cpu24-riscv/Single_Cycle_RISCV2/single_cycle_cpu'
Scanning sources...
Finished scanning sources
INFO: [IP_Flow 19-234] Refreshing IP repositories
INFO: [IP_Flow 19-1704] No user IP repositories specified
INFO: [IP_Flow 19-2313] Loaded Vivado IP repository 'D:/software/Vivado/Vivado/2015.2/data/ip'.
exit
INFO: [Common 17-206] Exiting Vivado at Sat Oct 29 11:02:50 2022...
